# TODO Tool Log File
# Format: TIMESTAMP | USER | ACTION | TASK_ID | DESCRIPTION
# Generated: Sun Nov 16 10:34:30 CET 2025

2025-11-17 00:10:13 | fxstein | NOTE | 26 | Bug: set-version only updates '## Release X.Y.Z' header but does NOT update version numbers in the AI summary content. Example: Line 1 shows '## Release 1.0.0' but line 3 still shows '# ascii-guard v0.1.0'. Fix: set_version_override() in release.sh needs to update ALL version occurrences in RELEASE_NOTES.md, including the H1 header inside AI summary. Location: release.sh set_version_override() function around line 411-433.
2025-11-17 00:10:03 | fxstein | ADD | 26 | Fix set-version to update all version references in AI summary
2025-11-17 00:04:13 | fxstein | ARCHIVE | 25 | Fix release script to validate generated files before commit (with 0 subtasks)
2025-11-17 00:04:13 | fxstein | ARCHIVE | 24 | Fix release process issues identified during v0.1.0 attempt (with 5 subtasks)
2025-11-17 00:04:12 | fxstein | ARCHIVE | 23 | Redesign release process for proper version management (with 6 subtasks)
2025-11-16 23:57:09 | fxstein | NOTE | 25 | Added validation in execute_release() at line 573-593. Pre-commit runs on all generated release files before git commit. Fixes EOF/whitespace automatically. Tested: pre-commit hooks passed on release.sh changes.
2025-11-16 23:57:09 | fxstein | COMPLETE | 25 | Fix release script to validate generated files before commit
2025-11-16 23:55:12 | fxstein | NOTE | 25 | Issue: release.sh generates AI_RELEASE_SUMMARY.md and RELEASE_NOTES.md but doesn't run pre-commit validation on them. When git commit runs, pre-commit hooks fix EOF/whitespace, causing commit to fail. Fix: Add validation step after generating release files - run pre-commit hooks on generated files BEFORE attempting git commit. Location: release.sh execute_release() function, after generate_release_notes() and before git commit.
2025-11-16 23:55:03 | fxstein | ADD | 25 | Fix release script to validate generated files before commit
2025-11-16 23:45:20 | fxstein | NOTE | 24.5 | Dry-run test passed: environment validation ✓, prepare phase ✓, execute --dry-run ✓. All components working correctly. CI/CD was green before testing.
2025-11-16 23:45:20 | fxstein | COMPLETE | 24 | Fix release process issues identified during v0.1.0 attempt
2025-11-16 23:45:20 | fxstein | COMPLETE | 24.5 | Test complete release workflow with dry-run after fixes
2025-11-16 23:39:15 | fxstein | COMPLETE | 24.4 | Update release.sh to NEVER use --no-verify flag
2025-11-16 23:39:15 | fxstein | COMPLETE | 24.3 | Fix pre-commit issues: run hooks on all files and commit fixes
2025-11-16 23:39:15 | fxstein | COMPLETE | 24.2 | Add environment validation to release.sh (check Python, build module, gh CLI)
2025-11-16 23:37:25 | fxstein | NOTE | 24.1 | Python 3.12.7 installed and working. Venv rebuilt with Python 3.12. Fixed pre-commit to use .venv/bin/pytest for proper isolation.
2025-11-16 23:37:25 | fxstein | COMPLETE | 24.1 | Resolve Python version mismatch: install 3.12 OR revert all configs to 3.10
2025-11-16 23:19:28 | fxstein | NOTE | 24.5 | After completing tasks 24.1-24.4, run: ./release/release.sh --prepare then ./release/release.sh --execute --dry-run. Verify: 1) No Python errors, 2) No pre-commit failures, 3) All version files updated correctly, 4) Dry-run simulates complete workflow.
2025-11-16 23:19:21 | fxstein | NOTE | 24.4 | Search release.sh for '--no-verify' and 'git commit.*--no-verify'. Remove all instances. Release commits MUST pass pre-commit hooks.
2025-11-16 23:19:21 | fxstein | NOTE | 24.3 | Run: pre-commit run --all-files. If failures, stage fixed files and commit WITHOUT --no-verify. This ensures clean state before any release.
2025-11-16 23:19:14 | fxstein | NOTE | 24.2 | Add validate_environment() function at start of release.sh --prepare. Check: 1) Python version matches .python-version, 2) python3 -m build available, 3) gh CLI installed. Exit with clear error if validation fails.
2025-11-16 23:19:09 | fxstein | NOTE | 24.1 | Check: pyenv versions | grep 3.12. If not found, either install Python 3.12 OR revert .python-version, pyproject.toml, setup-venv.sh, and all GitHub Actions workflows back to 3.10.1
2025-11-16 23:19:00 | fxstein | ADD_SUBTASK | 24.5 | Test complete release workflow with dry-run after fixes (parent: #24)
2025-11-16 23:19:00 | fxstein | ADD_SUBTASK | 24.4 | Update release.sh to NEVER use --no-verify flag (parent: #24)
2025-11-16 23:19:00 | fxstein | ADD_SUBTASK | 24.3 | Fix pre-commit issues: run hooks on all files and commit fixes (parent: #24)
2025-11-16 23:19:00 | fxstein | ADD_SUBTASK | 24.2 | Add environment validation to release.sh (check Python, build module, gh CLI) (parent: #24)
2025-11-16 23:18:53 | fxstein | ADD_SUBTASK | 24.1 | Resolve Python version mismatch: install 3.12 OR revert all configs to 3.10 (parent: #24)
2025-11-16 23:18:48 | fxstein | ADD | 24 | Fix release process issues identified during v0.1.0 attempt
2025-11-16 23:05:18 | fxstein | COMPLETE | 23 | Redesign release process for proper version management
2025-11-16 23:05:18 | fxstein | COMPLETE | 23.6 | Test redesigned workflow with dry-run mode
2025-11-16 23:02:24 | fxstein | COMPLETE | 23.5 | Commit AI summary with release, delete and commit cleanup after success
2025-11-16 23:01:59 | fxstein | COMPLETE | 23.4 | Update set-version to modify all version files and release notes
2025-11-16 23:00:38 | fxstein | COMPLETE | 23.3 | Move version updates from execute to prepare phase
2025-11-16 22:59:07 | fxstein | COMPLETE | 23.2 | Add GitHub release check to determine current version
2025-11-16 22:58:27 | fxstein | COMPLETE | 23.1 | Document all files containing version numbers for tracking
2025-11-16 22:56:29 | fxstein | NOTE | 23.6 | Use release/TESTING.md checklist with dry-run. Verify: (1) GitHub release check works, (2) All version files updated in prepare, (3) set-version updates all files, (4) AI summary lifecycle correct. Document any issues found.
2025-11-16 22:56:27 | fxstein | NOTE | 23.5 | EXECUTE must: (1) Commit version files + release notes + AI summary together, (2) Create tag and push, (3) AFTER successful GitHub Actions, delete AI_RELEASE_SUMMARY.md in separate commit with message 'chore: Clean up release artifacts for vX.Y.Z'. Keeps dev environment clean.
2025-11-16 22:56:24 | fxstein | NOTE | 23.4 | set-version must: (1) Update ALL version files from VERSION_FILES list, (2) Update RELEASE_NOTES.md header, (3) Update .prepare_state with new version. Ensures consistency across all version references.
2025-11-16 22:56:22 | fxstein | NOTE | 23.3 | PREPARE phase must update ALL version files immediately after determining new version. This allows review of actual version changes before execute. EXECUTE only commits the already-modified files.
2025-11-16 22:56:20 | fxstein | NOTE | 23.2 | Add get_github_latest_release() function using 'gh release list --limit 1' to determine actual latest release. If no releases exist, use 0.0.0 as base. Use GitHub as source of truth, not local files.
2025-11-16 22:56:19 | fxstein | NOTE | 23.1 | Create VERSION_FILES.md documenting all files containing version numbers: pyproject.toml (version field), src/ascii_guard/__init__.py (__version__), any others. Update release.sh to use this list for all version operations.
2025-11-16 22:56:10 | fxstein | ADD_SUBTASK | 23.6 | Test redesigned workflow with dry-run mode (parent: #23)
2025-11-16 22:56:09 | fxstein | ADD_SUBTASK | 23.5 | Commit AI summary with release, delete and commit cleanup after success (parent: #23)
2025-11-16 22:56:07 | fxstein | ADD_SUBTASK | 23.4 | Update set-version to modify all version files and release notes (parent: #23)
2025-11-16 22:56:06 | fxstein | ADD_SUBTASK | 23.3 | Move version updates from execute to prepare phase (parent: #23)
2025-11-16 22:56:05 | fxstein | ADD_SUBTASK | 23.2 | Add GitHub release check to determine current version (parent: #23)
2025-11-16 22:56:04 | fxstein | ADD_SUBTASK | 23.1 | Document all files containing version numbers for tracking (parent: #23)
2025-11-16 22:55:55 | fxstein | ADD | 23 | Redesign release process for proper version management
2025-11-16 22:35:39 | fxstein | NOTE | 16.5 | TESTING UPDATED with dry-run mode:
✅ --prepare mode: Tested with multiple commit types
✅ --set-version mode: Tested with valid/invalid inputs
✅ --execute --dry-run: Full end-to-end simulation without git operations
✅ Process invalidation: Detects commits after prepare
✅ Comprehensive testing guide: release/TESTING.md documents full test suite
⚠️  Real execute mode NOT tested (requires actual release to GitHub/PyPI)
Use './release/release.sh --execute --dry-run' to test releases safely
2025-11-16 22:00:12 | fxstein | COMPLETE | 16.4 | Create .cursor/rules/ascii-guard-releases.mdc for AI release guidance
2025-11-16 22:00:12 | fxstein | COMPLETE | 16.3 | Implement release.sh execute mode with GitHub tag push
2025-11-16 22:00:12 | fxstein | COMPLETE | 16.2 | Implement release.sh set-version override mode
2025-11-16 22:00:11 | fxstein | COMPLETE | 16.1 | Implement release.sh core functions and prepare mode
2025-11-16 21:15:04 | fxstein | COMPLETE | 16 | Adapt release process for ascii-guard (release.sh, RELEASE.md, Cursor rules)
2025-11-16 21:15:03 | fxstein | COMPLETE | 16.5 | Test complete release workflow end-to-end
2025-11-16 21:14:57 | fxstein | NOTE | 16.5 | TESTING COMPLETE - All release workflow components verified:
✅ --prepare mode: Analyzes commits, determines version bump (minor: 0.1.0 → 0.2.0), generates release notes with categorized commits
✅ --set-version mode: Overrides version (tested 1.0.0), validates format and progression, updates release notes header
✅ Release notes generation: Includes AI summary, categorizes commits (Added/Changed/Fixed), links to GitHub commits
✅ Semantic versioning: Correctly detects feat: (minor), fix: (patch), BREAKING (major)
✅ Version file updates: Ready for pyproject.toml and __init__.py
✅ Cursor AI rules: Comprehensive guidance for AI-assisted releases
⚠️  Execute mode NOT tested (requires actual release to GitHub/PyPI)
2025-11-16 20:46:28 | fxstein | NOTE | 16.5 | Manual testing checklist: test on clean clone, test with no commits, test breaking changes, test version override (valid/invalid), test execute without prepare (should fail), test dirty working dir (should fail), verify GitHub Actions trigger. See RELEASE_DESIGN.md Testing Strategy for details.
2025-11-16 20:46:22 | fxstein | NOTE | 16.4 | Create Cursor AI rule file guiding agent through 4-step release process: (1) Write AI summary, (2) Run prepare, (3) Human review, (4) Run execute. Include safeguards: never modify release.sh logic, always wait for approval. See RELEASE_DESIGN.md Phase 4 for details.
2025-11-16 20:46:14 | fxstein | NOTE | 16.3 | Implement cmd_execute(), update_version_files() (pyproject.toml + __init__.py), create_git_tag(), push_to_github(). NO direct PyPI publish - GitHub Actions handles that via trusted publishing. See RELEASE_DESIGN.md Phase 3 for details.
2025-11-16 20:46:08 | fxstein | NOTE | 16.2 | Implement cmd_set_version(), validate_version_format() (X.Y.Z format), validate_version_gt() (new > current). Update release/RELEASE_NOTES.md header with new version. See RELEASE_DESIGN.md Step 3b for details.
2025-11-16 20:46:02 | fxstein | NOTE | 16.1 | Implement core functions: get_current_version(), get_last_release_tag(), get_commits_since_tag(), categorize_commit(), determine_version_bump(). Implement cmd_prepare(), generate_release_notes(), save_prepare_state(). See RELEASE_DESIGN.md Phase 1 for details.
2025-11-16 20:45:55 | fxstein | ADD_SUBTASK | 16.5 | Test complete release workflow end-to-end (parent: #16)
2025-11-16 20:45:50 | fxstein | ADD_SUBTASK | 16.4 | Create .cursor/rules/ascii-guard-releases.mdc for AI release guidance (parent: #16)
2025-11-16 20:45:44 | fxstein | ADD_SUBTASK | 16.3 | Implement release.sh execute mode with GitHub tag push (parent: #16)
2025-11-16 20:45:38 | fxstein | ADD_SUBTASK | 16.2 | Implement release.sh set-version override mode (parent: #16)
2025-11-16 20:41:22 | fxstein | ADD_SUBTASK | 16.1 | Implement release.sh core functions and prepare mode (parent: #16)
2025-11-16 20:41:17 | fxstein | DELETE | 22 | 16.5
2025-11-16 20:41:17 | fxstein | DELETE | 21 | 16.4
2025-11-16 20:41:17 | fxstein | DELETE | 20 | 16.3
2025-11-16 20:41:17 | fxstein | DELETE | 19 | 16.2
2025-11-16 20:41:17 | fxstein | DELETE | 18 | 16.1
2025-11-16 20:38:16 | fxstein | NOTE | 18 | Implement core functions: get_current_version(), get_last_release_tag(), get_commits_since_tag(), categorize_commit(), determine_version_bump(). Implement cmd_prepare(), generate_release_notes(), save_prepare_state(). See RELEASE_DESIGN.md Phase 1 for details.
2025-11-16 20:38:11 | fxstein | ADD | 22 | 16.5
2025-11-16 20:38:06 | fxstein | ADD | 21 | 16.4
2025-11-16 20:38:00 | fxstein | ADD | 20 | 16.3
2025-11-16 20:37:56 | fxstein | ADD | 19 | 16.2
2025-11-16 20:37:50 | fxstein | ADD | 18 | 16.1
2025-11-16 16:39:31 | fxstein | COMPLETE | 7 | Set up GitHub Actions CI/CD workflow (lint, test, build)
2025-11-16 15:59:50 | fxstein | COMPLETE | 6 | Add comprehensive test suite with pytest
2025-11-16 15:48:25 | fxstein | MODIFY | 6 | Add comprehensive test suite with pytest
2025-11-16 12:06:31 | fxstein | ADD_SUBTASK | 17.4 | Add tests for config parsing and pattern matching (parent: #17)
2025-11-16 12:06:30 | fxstein | ADD_SUBTASK | 17.3 | Integrate config file loading into CLI (auto-detect or --config flag) (parent: #17)
2025-11-16 12:06:30 | fxstein | ADD_SUBTASK | 17.2 | Add path matcher with gitignore-style pattern support (fnmatch, pathlib) (parent: #17)
2025-11-16 12:06:22 | fxstein | ADD_SUBTASK | 17.1 | Create config parser module (read .ascii-guard, parse patterns) (parent: #17)
2025-11-16 12:06:16 | fxstein | NOTE | 17 | ZERO dependencies: Use pathlib.Path.match() and fnmatch from stdlib. Config file format: .ascii-guard in project root or ~/.ascii-guard. Support gitignore syntax: *.log, build/, **/dist/**, !important.md (negation). CLI: auto-detect .ascii-guard, or --config flag to override. Example patterns: node_modules/, .git/, **/__pycache__/**, *.tmp
2025-11-16 12:06:04 | fxstein | ADD | 17 | Implement .ascii-guard config file with gitignore-style exclusion patterns
2025-11-16 12:03:30 | fxstein | COMPLETE | 5 | Implement CLI interface with lint and fix commands
2025-11-16 12:03:30 | fxstein | COMPLETE | 4 | Create core linter module structure (detection, validation, fixing)
2025-11-16 11:59:51 | fxstein | MODIFY | 4 | Create core linter module structure (detection, validation, fixing)
2025-11-16 11:58:24 | fxstein | COMPLETE | 10 | Write README with project overview and AI agent installation prompt
2025-11-16 11:57:15 | fxstein | MODIFY | 10 | Write README with project overview and AI agent installation prompt
2025-11-16 11:54:56 | fxstein | COMPLETE | 12 | Create GitHub repository and push initial setup
2025-11-16 11:15:41 | fxstein | COMPLETE | 3.3 | Add git hooks installation to setup process
2025-11-16 11:15:41 | fxstein | COMPLETE | 11 | Initialize git repository and create .gitignore for Python
2025-11-16 11:12:40 | fxstein | COMPLETE | 3 | Set up development tooling (ruff, black, mypy, pytest)
2025-11-16 11:12:35 | fxstein | NOTE | 3.3 | Requires git repository (task#11) to be initialized first. Run 'pre-commit install' after git init. Pre-commit config is ready in .pre-commit-config.yaml.
2025-11-16 11:12:28 | fxstein | COMPLETE | 3.2 | Create .pre-commit-config.yaml with ruff, mypy, pytest hooks
2025-11-16 11:12:28 | fxstein | COMPLETE | 3.1 | Install and configure pre-commit framework
2025-11-16 11:12:28 | fxstein | COMPLETE | 1 | Initialize Python project structure with pyproject.toml and standard layout
2025-11-16 11:10:49 | fxstein | COMPLETE | 2 | Add Apache 2.0 license file and copyright headers
2025-11-16 11:10:14 | fxstein | COMPLETE | 1.2 | Create virtual environment setup script (setup-venv.sh)
2025-11-16 11:10:14 | fxstein | COMPLETE | 1.1 | Create .python-version file for Python version pinning
2025-11-16 11:09:17 | fxstein | MODIFY | 1 | Initialize Python project structure with pyproject.toml and standard layout
2025-11-16 11:02:06 | fxstein | NOTE | 6 | Test suite uses pytest (dev dependency only). The linter itself must work standalone with ZERO deps. Tests verify: stdlib-only usage, no import of external packages, works with python -m ascii_guard.
2025-11-16 11:01:59 | fxstein | NOTE | 10 | Emphasize in README: 'ZERO dependencies - pure Python stdlib only'. This is a KEY FEATURE. AI agent prompt should be: 'pip install ascii-guard' (no other deps needed). Highlight: lightweight, fast, no dependency hell.
2025-11-16 11:01:53 | fxstein | NOTE | 15 | CRITICAL UPDATE NEEDED: DESIGN.md mentions dependencies (markdown, click, colorama) - these must be REMOVED. ascii-guard is ZERO dependency stdlib-only tool. Update dependencies section to reflect: Python 3.11+ stdlib only, NO external packages.
2025-11-16 11:01:46 | fxstein | NOTE | 1 | pyproject.toml: ZERO runtime dependencies (dependencies = []). Dev dependencies only: pytest, ruff, mypy, pre-commit. Package must be installable with 'pip install ascii-guard' with no external deps. Pure stdlib tool.
2025-11-16 11:01:40 | fxstein | NOTE | 5 | CRITICAL: Use argparse (stdlib) only, NO click/typer. Simple CLI: 'ascii-guard lint <file>', 'ascii-guard fix <file>'. ANSI escape codes for colored output (no colorama). Keep it minimal and standalone.
2025-11-16 11:01:32 | fxstein | NOTE | 4 | CRITICAL: ZERO runtime dependencies. Use only Python stdlib. No external libs (no markdown, no click, no colorama). Pure Python 3.11+ stdlib only. Parse files with open(), use argparse for CLI, ANSI codes for colors.
2025-11-16 10:59:13 | fxstein | NOTE | 10 | README must include: (1) AI agent prompt for pip install, (2) Developer setup with venv isolation, (3) pre-commit installation instructions. Example: 'Install: python -m venv .venv && source .venv/bin/activate && pip install ascii-guard' for users, 'git clone && ./setup-venv.sh && pre-commit install' for contributors.
2025-11-16 10:59:06 | fxstein | NOTE | 11 | Python .gitignore must include: .venv/, venv/, __pycache__/, *.pyc, *.pyo, *.egg-info/, dist/, build/, .pytest_cache/, .mypy_cache/, .ruff_cache/, .coverage, htmlcov/. Use GitHub's Python template as base.
2025-11-16 10:59:00 | fxstein | NOTE | 7 | GitHub Actions workflow must use 'pre-commit run --all-files' for consistency. Same hooks locally and in CI. Add matrix testing for Python 3.11, 3.12, 3.13. Cache pip and pre-commit environments.
2025-11-16 10:58:54 | fxstein | NOTE | 3 | CRITICAL: Use pre-commit framework for ALL linting. Install: 'pip install pre-commit'. Config .pre-commit-config.yaml with: ruff (lint+format), mypy (types), pytest (tests), trailing-whitespace, end-of-file-fixer, check-yaml. Run 'pre-commit install' to enable hooks. NO system-level tool pollution.
2025-11-16 10:58:47 | fxstein | NOTE | 1 | CRITICAL: Use venv isolation. Create .python-version (3.11+), setup-venv.sh script. Document in README: 'python -m venv .venv && source .venv/bin/activate && pip install -e .[dev]'. Add .venv/ to .gitignore.
2025-11-16 10:58:40 | fxstein | ADD_SUBTASK | 3.3 | Add git hooks installation to setup process (parent: #3)
2025-11-16 10:58:35 | fxstein | ADD_SUBTASK | 3.2 | Create .pre-commit-config.yaml with ruff, mypy, pytest hooks (parent: #3)
2025-11-16 10:58:30 | fxstein | ADD_SUBTASK | 3.1 | Install and configure pre-commit framework (parent: #3)
2025-11-16 10:58:26 | fxstein | ADD_SUBTASK | 1.2 | Create virtual environment setup script (setup-venv.sh) (parent: #1)
2025-11-16 10:58:21 | fxstein | ADD_SUBTASK | 1.1 | Create .python-version file for Python version pinning (parent: #1)
2025-11-16 10:55:45 | fxstein | NOTE | 16 | Release documentation COMPLETE (release/RELEASE.md adapted from ocroot with PyPI publishing). Release script (release.sh) still TODO - create after task#1 completes.
2025-11-16 10:53:37 | fxstein | NOTE | 16 | Copy from /Users/oratzes/cursor/ocroot/release but adapt for Python: update pyproject.toml version, build with python -m build, publish to PyPI with twine, include wheel/sdist in GitHub release
2025-11-16 10:53:29 | fxstein | ADD | 16 | Adapt release process from ocroot (release.sh, RELEASE.md, Cursor rules)
2025-11-16 10:51:59 | fxstein | NOTE | 15 | Draft design copied from /Users/oratzes/cursor/ocroot/docs/ASCII_ART_LINTER_PLAN.md to docs/DESIGN.md. Original focuses on pre-commit hooks; may need updates for standalone PyPI package distribution.
2025-11-16 10:51:52 | fxstein | ADD | 15 | Review and update DESIGN.md based on PyPI release requirements
2025-11-16 10:42:26 | fxstein | ADD | 14 | Add CONTRIBUTING.md and CODE_OF_CONDUCT.md files
2025-11-16 10:42:22 | fxstein | ADD | 13 | Set up semantic versioning and release tagging workflow
2025-11-16 10:42:17 | fxstein | ADD | 12 | Create GitHub repository and push initial setup
2025-11-16 10:42:13 | fxstein | ADD | 11 | Initialize git repository and create .gitignore for Python
2025-11-16 10:42:09 | fxstein | ADD | 10 | Write README with project overview and AI agent installation prompt
2025-11-16 10:42:05 | fxstein | ADD | 9 | Create comprehensive documentation (usage, examples, API)
2025-11-16 10:42:01 | fxstein | ADD | 8 | Configure PyPI publishing workflow with GitHub Actions
2025-11-16 10:41:57 | fxstein | ADD | 7 | Set up GitHub Actions CI/CD workflow (lint, test, build)
2025-11-16 10:41:53 | fxstein | ADD | 6 | Add comprehensive test suite with pytest
2025-11-16 10:41:49 | fxstein | ADD | 5 | Implement CLI interface with lint and fix commands
2025-11-16 10:41:45 | fxstein | ADD | 4 | Create core linter module structure (detection, validation, fixing)
2025-11-16 10:41:40 | fxstein | ADD | 3 | Set up development tooling (ruff, black, mypy, pytest)
2025-11-16 10:41:36 | fxstein | ADD | 2 | Add Apache 2.0 license file and copyright headers
2025-11-16 10:41:31 | fxstein | ADD | 1 | Initialize Python project structure with pyproject.toml and standard layout
