# Release Log File
# Format: TIMESTAMP | USER | STEP | MESSAGE
# Generated: 2025-11-16
#
2025-12-12 12:59:22 | fxstein | RELEASE INITIATED | Release 2.0.0 initiated! GitHub Actions will complete publishing.
2025-12-12 12:59:21 | fxstein | CLEANUP | Deleted working files and build artifacts
2025-12-12 12:59:21 | fxstein | CLEANUP COMMITTED | Committed cleanup of release artifacts
2025-12-12 12:59:18 | fxstein | GITHUB ACTIONS | Tag pushed, GitHub Actions will handle PyPI publish and GitHub release
2025-12-12 12:59:16 | fxstein | PUSH TAG | Pushing tag v2.0.0 to origin
2025-12-12 12:59:15 | fxstein | PUSH MAIN | Pushing main branch to origin
2025-12-12 12:59:15 | fxstein | TAG CREATED | Git tag v2.0.0 created successfully
2025-12-12 12:59:14 | fxstein | CREATE TAG | Creating git tag: v2.0.0
2025-12-12 12:59:14 | fxstein | VERSION COMMITTED | Version change committed: ae0c40e6d6764e9ffc0c8801af5ba170677d646c
2025-12-12 12:59:10 | fxstein | COMMIT VERSION | Committing version change and release files to git
2025-12-12 12:59:10 | fxstein | BUILD SUCCESS | Package built successfully
2025-12-12 12:59:06 | fxstein | BUILD PACKAGE | Building wheel and sdist
2025-12-12 12:59:05 | fxstein | VALIDATE FILES | Validated and formatted release files
2025-12-12 12:59:05 | fxstein | COPY NOTES | Copied RELEASE_NOTES.md to RELEASE_SUMMARY.md
2025-12-12 12:56:27 | fxstein | VERSION OVERRIDE | Version override: 1.6.1 → 2.0.0 (major)
2025-12-12 12:56:26 | fxstein | VERSION FILES OVERRIDDEN | Updated all version files to 2.0.0
2025-12-12 12:56:15 | fxstein | PREPARE | Release preview prepared for v1.6.1
2025-12-12 12:56:15 | fxstein | VERSION FILES UPDATED | Updated all version files to 1.6.1 (not yet committed)
2025-12-12 12:56:14 | fxstein | RELEASE START | Starting release process: 1.6.0 → 1.6.1 (patch)
2025-12-02 23:53:00 | fxstein | RELEASE INITIATED | Release 1.6.0 initiated! GitHub Actions will complete publishing.
2025-12-02 23:53:00 | fxstein | CLEANUP | Deleted working files and build artifacts
2025-12-02 23:52:59 | fxstein | CLEANUP COMMITTED | Committed cleanup of release artifacts
2025-12-02 23:52:56 | fxstein | GITHUB ACTIONS | Tag pushed, GitHub Actions will handle PyPI publish and GitHub release
2025-12-02 23:52:55 | fxstein | PUSH TAG | Pushing tag v1.6.0 to origin
2025-12-02 23:52:53 | fxstein | PUSH MAIN | Pushing main branch to origin
2025-12-02 23:52:52 | fxstein | TAG CREATED | Git tag v1.6.0 created successfully
2025-12-02 23:52:52 | fxstein | CREATE TAG | Creating git tag: v1.6.0
2025-12-02 23:52:52 | fxstein | VERSION COMMITTED | Version change committed: 191b6a4dec9702816b59b81ef4ae00cd22e5d29b
2025-12-02 23:52:50 | fxstein | COMMIT VERSION | Committing version change and release files to git
2025-12-02 23:52:49 | fxstein | BUILD SUCCESS | Package built successfully
2025-12-02 23:52:46 | fxstein | BUILD PACKAGE | Building wheel and sdist
2025-12-02 23:52:46 | fxstein | VALIDATE FILES | Validated and formatted release files
2025-12-02 23:52:44 | fxstein | COPY NOTES | Copied RELEASE_NOTES.md to RELEASE_SUMMARY.md
2025-12-02 23:52:15 | fxstein | PREPARE | Release preview prepared for v1.6.0
2025-12-02 23:52:14 | fxstein | VERSION FILES UPDATED | Updated all version files to 1.6.0 (not yet committed)
2025-12-02 23:52:14 | fxstein | RELEASE START | Starting release process: 1.5.1 → 1.6.0 (minor)
2025-12-02 23:50:09 | fxstein | PREPARE | Release preview prepared for v1.6.0
2025-12-02 23:50:09 | fxstein | VERSION FILES UPDATED | Updated all version files to 1.6.0 (not yet committed)
2025-12-02 23:50:09 | fxstein | RELEASE START | Starting release process: 1.5.1 → 1.6.0 (minor)
2025-12-02 23:05:22 | fxstein | RELEASE INITIATED | Release 1.5.1 initiated! GitHub Actions will complete publishing.
2025-12-02 23:05:22 | fxstein | CLEANUP | Deleted working files and build artifacts
2025-12-02 23:05:22 | fxstein | CLEANUP COMMITTED | Committed cleanup of release artifacts
2025-12-02 23:05:19 | fxstein | GITHUB ACTIONS | Tag pushed, GitHub Actions will handle PyPI publish and GitHub release
2025-12-02 23:05:17 | fxstein | PUSH TAG | Pushing tag v1.5.1 to origin
2025-12-02 23:05:15 | fxstein | PUSH MAIN | Pushing main branch to origin
2025-12-02 23:05:15 | fxstein | TAG CREATED | Git tag v1.5.1 created successfully
2025-12-02 23:05:15 | fxstein | CREATE TAG | Creating git tag: v1.5.1
2025-12-02 23:05:15 | fxstein | VERSION COMMITTED | Version change committed: 91005665b6a9d88d6be7fc98ca8eca4130db3ed5
2025-12-02 23:05:12 | fxstein | COMMIT VERSION | Committing version change and release files to git
2025-12-02 23:05:12 | fxstein | BUILD SUCCESS | Package built successfully
2025-12-02 23:05:09 | fxstein | BUILD PACKAGE | Building wheel and sdist
2025-12-02 23:05:09 | fxstein | VALIDATE FILES | Validated and formatted release files
2025-12-02 23:05:07 | fxstein | COPY NOTES | Copied RELEASE_NOTES.md to RELEASE_SUMMARY.md
2025-12-02 23:03:33 | fxstein | PREPARE | Release preview prepared for v1.5.1
2025-12-02 23:03:33 | fxstein | VERSION FILES UPDATED | Updated all version files to 1.5.1 (not yet committed)
2025-12-02 23:03:32 | fxstein | RELEASE START | Starting release process: 1.5.0 → 1.5.1 (patch)
2025-11-19 10:23:36 | fxstein | RELEASE INITIATED | Release 1.5.0 initiated! GitHub Actions will complete publishing.
2025-11-19 10:23:36 | fxstein | CLEANUP | Deleted working files and build artifacts
2025-11-19 10:23:35 | fxstein | CLEANUP COMMITTED | Committed cleanup of release artifacts
2025-11-19 10:23:31 | fxstein | GITHUB ACTIONS | Tag pushed, GitHub Actions will handle PyPI publish and GitHub release
2025-11-19 10:23:28 | fxstein | PUSH TAG | Pushing tag v1.5.0 to origin
2025-11-19 10:23:25 | fxstein | PUSH MAIN | Pushing main branch to origin
2025-11-19 10:23:25 | fxstein | TAG CREATED | Git tag v1.5.0 created successfully
2025-11-19 10:23:24 | fxstein | CREATE TAG | Creating git tag: v1.5.0
2025-11-19 10:23:24 | fxstein | VERSION COMMITTED | Version change committed: 8240d0b438c39ede766aefe68d751ecd5eef8142
2025-11-19 10:23:21 | fxstein | COMMIT VERSION | Committing version change and release files to git
2025-11-19 10:23:21 | fxstein | BUILD SUCCESS | Package built successfully
2025-11-19 10:23:17 | fxstein | BUILD PACKAGE | Building wheel and sdist
2025-11-19 10:23:17 | fxstein | VALIDATE FILES | Validated and formatted release files
2025-11-19 10:23:15 | fxstein | COPY NOTES | Copied RELEASE_NOTES.md to RELEASE_SUMMARY.md
2025-11-19 10:22:34 | fxstein | PREPARE | Release preview prepared for v1.5.0
2025-11-19 10:22:34 | fxstein | VERSION FILES UPDATED | Updated all version files to 1.5.0 (not yet committed)
2025-11-19 10:22:33 | fxstein | RELEASE START | Starting release process: 1.4.0 → 1.5.0 (minor)
2025-11-19 08:58:10 | fxstein | RELEASE INITIATED | Release 1.4.0 initiated! GitHub Actions will complete publishing.
2025-11-19 08:58:09 | fxstein | CLEANUP | Deleted working files and build artifacts
2025-11-19 08:58:09 | fxstein | CLEANUP COMMITTED | Committed cleanup of release artifacts
2025-11-19 08:58:05 | fxstein | GITHUB ACTIONS | Tag pushed, GitHub Actions will handle PyPI publish and GitHub release
2025-11-19 08:58:01 | fxstein | PUSH TAG | Pushing tag v1.4.0 to origin
2025-11-19 08:57:58 | fxstein | PUSH MAIN | Pushing main branch to origin
2025-11-19 08:57:57 | fxstein | TAG CREATED | Git tag v1.4.0 created successfully
2025-11-19 08:57:57 | fxstein | CREATE TAG | Creating git tag: v1.4.0
2025-11-19 08:57:56 | fxstein | VERSION COMMITTED | Version change committed: aa1288337b0d1b92d56f2fcc4cd595d6d8c9e664
2025-11-19 08:57:54 | fxstein | COMMIT VERSION | Committing version change and release files to git
2025-11-19 08:57:54 | fxstein | BUILD SUCCESS | Package built successfully
2025-11-19 08:57:51 | fxstein | BUILD PACKAGE | Building wheel and sdist
2025-11-19 08:57:50 | fxstein | VALIDATE FILES | Validated and formatted release files
2025-11-19 08:57:48 | fxstein | COPY NOTES | Copied RELEASE_NOTES.md to RELEASE_SUMMARY.md
2025-11-19 08:56:32 | fxstein | PREPARE | Release preview prepared for v1.4.0
2025-11-19 08:56:32 | fxstein | VERSION FILES UPDATED | Updated all version files to 1.4.0 (not yet committed)
2025-11-19 08:56:31 | fxstein | RELEASE START | Starting release process: 1.3.0 → 1.4.0 (minor)
2025-11-18 22:00:59 | fxstein | PUSH MAIN | Pushing main branch to origin
2025-11-18 22:00:58 | fxstein | TAG CREATED | Git tag v1.3.0 created successfully
2025-11-18 22:00:58 | fxstein | CREATE TAG | Creating git tag: v1.3.0
2025-11-18 22:00:57 | fxstein | VERSION COMMITTED | Version change committed: e4856c334bddb5397b34dca3cc3437fb466bf5e5
2025-11-18 22:00:55 | fxstein | COMMIT VERSION | Committing version change and release files to git
2025-11-18 22:00:55 | fxstein | BUILD SUCCESS | Package built successfully
2025-11-18 22:00:51 | fxstein | BUILD PACKAGE | Building wheel and sdist
2025-11-18 22:00:51 | fxstein | VALIDATE FILES | Validated and formatted release files
2025-11-18 22:00:49 | fxstein | COPY NOTES | Copied RELEASE_NOTES.md to RELEASE_SUMMARY.md
2025-11-18 21:59:47 | fxstein | PREPARE | Release preview prepared for v1.3.0
2025-11-18 21:59:47 | fxstein | VERSION FILES UPDATED | Updated all version files to 1.3.0 (not yet committed)
2025-11-18 21:59:46 | fxstein | RELEASE START | Starting release process: 1.2.1 → 1.3.0 (minor)
2025-11-18 20:30:59 | fxstein | RELEASE INITIATED | Release 1.2.1 initiated! GitHub Actions will complete publishing.
2025-11-18 20:30:58 | fxstein | CLEANUP | Deleted working files and build artifacts
2025-11-18 20:30:58 | fxstein | GITHUB ACTIONS | Tag pushed, GitHub Actions will handle PyPI publish and GitHub release
2025-11-18 20:30:55 | fxstein | PUSH TAG | Pushing tag v1.2.1 to origin
2025-11-18 20:30:53 | fxstein | PUSH MAIN | Pushing main branch to origin
2025-11-18 20:30:52 | fxstein | TAG CREATED | Git tag v1.2.1 created successfully
2025-11-18 20:30:51 | fxstein | CREATE TAG | Creating git tag: v1.2.1
2025-11-18 20:30:51 | fxstein | VERSION COMMITTED | Version change committed: fe5079a6333ed61bb5c6ad180cc42ad4de8e3601
2025-11-18 20:30:49 | fxstein | COMMIT VERSION | Committing version change and release files to git
2025-11-18 20:30:48 | fxstein | BUILD SUCCESS | Package built successfully
2025-11-18 20:30:45 | fxstein | BUILD PACKAGE | Building wheel and sdist
2025-11-18 20:30:45 | fxstein | VALIDATE FILES | Validated and formatted release files
2025-11-18 20:30:43 | fxstein | COPY NOTES | Copied RELEASE_NOTES.md to RELEASE_SUMMARY.md
2025-11-18 20:30:42 | fxstein | VERSION OVERRIDE | Version override: 1.3.0 → 1.2.1 (patch)
2025-11-18 20:30:41 | fxstein | VERSION FILES OVERRIDDEN | Updated all version files to 1.2.1
2025-11-18 20:30:35 | fxstein | PREPARE | Release preview prepared for v1.3.0
2025-11-18 20:30:34 | fxstein | VERSION FILES UPDATED | Updated all version files to 1.3.0 (not yet committed)
2025-11-18 20:30:34 | fxstein | RELEASE START | Starting release process: 1.2.0 → 1.3.0 (minor)
2025-11-17 21:07:34 | fxstein | RELEASE INITIATED | Release 1.2.0 initiated! GitHub Actions will complete publishing.
2025-11-17 21:07:34 | fxstein | CLEANUP | Deleted working files and build artifacts
2025-11-17 21:07:33 | fxstein | CLEANUP COMMITTED | Committed cleanup of release artifacts
2025-11-17 21:07:30 | fxstein | GITHUB ACTIONS | Tag pushed, GitHub Actions will handle PyPI publish and GitHub release
2025-11-17 21:07:28 | fxstein | PUSH TAG | Pushing tag v1.2.0 to origin
2025-11-17 21:07:25 | fxstein | PUSH MAIN | Pushing main branch to origin
2025-11-17 21:07:25 | fxstein | TAG CREATED | Git tag v1.2.0 created successfully
2025-11-17 21:07:24 | fxstein | CREATE TAG | Creating git tag: v1.2.0
2025-11-17 21:07:24 | fxstein | VERSION COMMITTED | Version change committed: d0e5aae082223fcfa8491e313fe23969f694ddee
2025-11-17 21:07:22 | fxstein | COMMIT VERSION | Committing version change and release files to git
2025-11-17 21:07:22 | fxstein | BUILD SUCCESS | Package built successfully
2025-11-17 21:07:19 | fxstein | BUILD PACKAGE | Building wheel and sdist
2025-11-17 21:07:19 | fxstein | VALIDATE FILES | Validated and formatted release files
2025-11-17 21:07:17 | fxstein | COPY NOTES | Copied RELEASE_NOTES.md to RELEASE_SUMMARY.md
2025-11-17 21:05:52 | fxstein | PREPARE | Release preview prepared for v1.2.0
2025-11-17 21:05:52 | fxstein | VERSION FILES UPDATED | Updated all version files to 1.2.0 (not yet committed)
2025-11-17 21:05:51 | fxstein | RELEASE START | Starting release process: 1.1.0 → 1.2.0 (minor)
2025-11-17 21:04:45 | fxstein | PREPARE | Release preview prepared for v1.2.0
2025-11-17 21:04:44 | fxstein | VERSION FILES UPDATED | Updated all version files to 1.2.0 (not yet committed)
2025-11-17 21:04:44 | fxstein | RELEASE START | Starting release process: 1.1.0 → 1.2.0 (minor)
2025-11-17 02:32:14 | fxstein | PUSH MAIN | Pushing main branch to origin
2025-11-17 02:32:14 | fxstein | TAG CREATED | Git tag v1.1.0 created successfully
2025-11-17 02:31:44 | fxstein | CREATE TAG | Creating git tag: v1.1.0
2025-11-17 02:31:14 | fxstein | VERSION COMMITTED | Version change committed: 45f9abfde5aafd5f084ddcec468b1d3b6ae3e19e
2025-11-17 02:31:11 | fxstein | COMMIT VERSION | Committing version change and release files to git
2025-11-17 02:31:11 | fxstein | BUILD SUCCESS | Package built successfully
2025-11-17 02:31:08 | fxstein | BUILD PACKAGE | Building wheel and sdist
2025-11-17 02:31:08 | fxstein | VALIDATE FILES | Validated and formatted release files
2025-11-17 02:31:06 | fxstein | COPY NOTES | Copied RELEASE_NOTES.md to RELEASE_SUMMARY.md
2025-11-17 02:29:37 | fxstein | PREPARE | Release preview prepared for v1.1.0
2025-11-17 02:29:37 | fxstein | VERSION FILES UPDATED | Updated all version files to 1.1.0 (not yet committed)
2025-11-17 02:29:36 | fxstein | RELEASE START | Starting release process: 1.0.0 → 1.1.0 (minor)
2025-11-17 01:39:39 | fxstein | RELEASE INITIATED | Release 1.0.0 initiated! GitHub Actions will complete publishing.
2025-11-17 01:39:38 | fxstein | CLEANUP | Deleted working files and build artifacts
2025-11-17 01:39:38 | fxstein | CLEANUP COMMITTED | Committed cleanup of release artifacts
2025-11-17 01:39:34 | fxstein | GITHUB ACTIONS | Tag pushed, GitHub Actions will handle PyPI publish and GitHub release
2025-11-17 01:39:32 | fxstein | PUSH TAG | Pushing tag v1.0.0 to origin
2025-11-17 01:39:29 | fxstein | PUSH MAIN | Pushing main branch to origin
2025-11-17 01:39:29 | fxstein | TAG CREATED | Git tag v1.0.0 created successfully
2025-11-17 01:39:29 | fxstein | CREATE TAG | Creating git tag: v1.0.0
2025-11-17 01:39:28 | fxstein | VERSION COMMITTED | Version change committed: 0229c4d7bc95fd257232dc89c8bf32e752578c8b
2025-11-17 01:39:26 | fxstein | COMMIT VERSION | Committing version change and release files to git
2025-11-17 01:39:26 | fxstein | BUILD SUCCESS | Package built successfully
2025-11-17 01:39:22 | fxstein | BUILD PACKAGE | Building wheel and sdist
2025-11-17 01:39:21 | fxstein | VALIDATE FILES | Validated and formatted release files
2025-11-17 01:39:20 | fxstein | COPY NOTES | Copied RELEASE_NOTES.md to RELEASE_SUMMARY.md
2025-11-17 01:39:11 | fxstein | VERSION OVERRIDE | Version override: 0.1.0 → 1.0.0 (major)
2025-11-17 01:39:10 | fxstein | VERSION FILES OVERRIDDEN | Updated all version files to 1.0.0
2025-11-17 01:39:02 | fxstein | PREPARE | Release preview prepared for v0.1.0
2025-11-17 01:39:01 | fxstein | VERSION FILES UPDATED | Updated all version files to 0.1.0 (not yet committed)
2025-11-17 01:39:00 | fxstein | RELEASE START | Starting release process: 0.0.0 → 0.1.0 (minor)
2025-11-17 01:16:07 | fxstein | BUILD PACKAGE | Building wheel and sdist
2025-11-17 01:16:07 | fxstein | VALIDATE FILES | Validated and formatted release files
2025-11-17 01:16:05 | fxstein | COPY NOTES | Copied RELEASE_NOTES.md to RELEASE_SUMMARY.md
2025-11-17 01:15:01 | fxstein | VERSION OVERRIDE | Version override: 0.1.0 → 1.0.0 (major)
2025-11-17 01:15:01 | fxstein | VERSION FILES OVERRIDDEN | Updated all version files to 1.0.0
2025-11-17 01:06:55 | fxstein | PREPARE | Release preview prepared for v0.1.0
2025-11-17 01:06:55 | fxstein | VERSION FILES UPDATED | Updated all version files to 0.1.0 (not yet committed)
2025-11-17 01:06:53 | fxstein | RELEASE START | Starting release process: 0.0.0 → 0.1.0 (minor)
2025-11-17 00:53:00 | fxstein | VERSION OVERRIDE | Version override: 0.1.0 → 1.0.0 (major)
2025-11-17 00:53:00 | fxstein | VERSION FILES OVERRIDDEN | Updated all version files to 1.0.0
2025-11-17 00:52:47 | fxstein | PREPARE | Release preview prepared for v0.1.0
2025-11-17 00:52:47 | fxstein | VERSION FILES UPDATED | Updated all version files to 0.1.0 (not yet committed)
2025-11-17 00:52:44 | fxstein | RELEASE START | Starting release process: 0.0.0 → 0.1.0 (minor)
2025-11-17 00:14:58 | fxstein | VERSION OVERRIDE | Version override: 0.1.0 → 1.0.0 (major)
2025-11-17 00:14:58 | fxstein | VERSION FILES OVERRIDDEN | Updated all version files to 1.0.0
2025-11-17 00:14:45 | fxstein | PREPARE | Release preview prepared for v0.1.0
2025-11-17 00:14:44 | fxstein | VERSION FILES UPDATED | Updated all version files to 0.1.0 (not yet committed)
2025-11-17 00:14:43 | fxstein | RELEASE START | Starting release process: 0.0.0 → 0.1.0 (minor)
2025-11-17 00:14:21 | fxstein | PREPARE | Release preview prepared for v0.1.0
2025-11-17 00:14:20 | fxstein | VERSION FILES UPDATED | Updated all version files to 0.1.0 (not yet committed)
2025-11-17 00:14:19 | fxstein | RELEASE START | Starting release process: 0.0.0 → 0.1.0 (minor)
2025-11-17 00:14:11 | fxstein | PREPARE | Release preview prepared for v0.1.0
2025-11-17 00:14:11 | fxstein | VERSION FILES UPDATED | Updated all version files to 0.1.0 (not yet committed)
2025-11-17 00:14:09 | fxstein | RELEASE START | Starting release process: 0.0.0 → 0.1.0 (minor)
2025-11-17 00:08:08 | fxstein | VERSION OVERRIDE | Version override: 0.1.0 → 1.0.0 (major)
2025-11-17 00:08:08 | fxstein | VERSION FILES OVERRIDDEN | Updated all version files to 1.0.0
2025-11-17 00:07:36 | fxstein | PREPARE | Release preview prepared for v0.1.0
2025-11-17 00:07:35 | fxstein | VERSION FILES UPDATED | Updated all version files to 0.1.0 (not yet committed)
2025-11-17 00:07:34 | fxstein | RELEASE START | Starting release process: 0.0.0 → 0.1.0 (minor)
2025-11-17 00:01:01 | fxstein | RELEASE INITIATED | Release 0.1.0 initiated! GitHub Actions will complete publishing.
2025-11-17 00:01:01 | fxstein | CLEANUP | Deleted working files and build artifacts
2025-11-17 00:01:00 | fxstein | CLEANUP COMMITTED | Committed cleanup of release artifacts
2025-11-17 00:00:57 | fxstein | GITHUB ACTIONS | Tag pushed, GitHub Actions will handle PyPI publish and GitHub release
2025-11-17 00:00:55 | fxstein | PUSH TAG | Pushing tag v0.1.0 to origin
2025-11-17 00:00:52 | fxstein | PUSH MAIN | Pushing main branch to origin
2025-11-17 00:00:51 | fxstein | TAG CREATED | Git tag v0.1.0 created successfully
2025-11-17 00:00:51 | fxstein | CREATE TAG | Creating git tag: v0.1.0
2025-11-17 00:00:50 | fxstein | VERSION COMMITTED | Version change committed: 1eaf76a480f3b5b96d215c521d9631e38c208599
2025-11-17 00:00:48 | fxstein | COMMIT VERSION | Committing version change and release files to git
2025-11-17 00:00:48 | fxstein | BUILD SUCCESS | Package built successfully
2025-11-17 00:00:45 | fxstein | BUILD PACKAGE | Building wheel and sdist
2025-11-17 00:00:44 | fxstein | VALIDATE FILES | Validated and formatted release files
2025-11-17 00:00:42 | fxstein | COPY NOTES | Copied RELEASE_NOTES.md to RELEASE_SUMMARY.md
2025-11-16 23:59:51 | fxstein | PREPARE | Release preview prepared for v0.1.0
2025-11-16 23:59:50 | fxstein | VERSION FILES UPDATED | Updated all version files to 0.1.0 (not yet committed)
2025-11-16 23:59:49 | fxstein | RELEASE START | Starting release process: 0.0.0 → 0.1.0 (minor)
2025-11-16 23:45:01 | fxstein | RELEASE INITIATED | Release 0.1.0 initiated! GitHub Actions will complete publishing.
2025-11-16 23:45:00 | fxstein | CLEANUP | Deleted working files and build artifacts
2025-11-16 23:45:00 | fxstein | GITHUB ACTIONS | Tag pushed, GitHub Actions will handle PyPI publish and GitHub release
2025-11-16 23:45:00 | fxstein | COMMIT VERSION | Committing version change and release files to git
2025-11-16 23:44:59 | fxstein | COPY NOTES | Copied RELEASE_NOTES.md to RELEASE_SUMMARY.md
2025-11-16 23:44:51 | fxstein | PREPARE | Release preview prepared for v0.1.0
2025-11-16 23:44:50 | fxstein | VERSION FILES UPDATED | Updated all version files to 0.1.0 (not yet committed)
2025-11-16 23:44:49 | fxstein | RELEASE START | Starting release process: 0.0.0 → 0.1.0 (minor)
2025-11-16 23:05:08 | fxstein | RELEASE INITIATED | Release 1.0.0 initiated! GitHub Actions will complete publishing.
2025-11-16 23:05:08 | fxstein | CLEANUP | Deleted working files and build artifacts
2025-11-16 23:05:07 | fxstein | GITHUB ACTIONS | Tag pushed, GitHub Actions will handle PyPI publish and GitHub release
2025-11-16 23:05:07 | fxstein | COMMIT VERSION | Committing version change and release files to git
2025-11-16 23:05:06 | fxstein | COPY NOTES | Copied RELEASE_NOTES.md to RELEASE_SUMMARY.md
2025-11-16 23:04:55 | fxstein | VERSION OVERRIDE | Version override: 0.1.0 → 1.0.0 (major)
2025-11-16 23:04:55 | fxstein | VERSION FILES OVERRIDDEN | Updated all version files to 1.0.0
2025-11-16 23:04:49 | fxstein | PREPARE | Release preview prepared for v0.1.0
2025-11-16 23:04:48 | fxstein | VERSION FILES UPDATED | Updated all version files to 0.1.0 (not yet committed)
2025-11-16 23:04:47 | fxstein | RELEASE START | Starting release process: 0.0.0 → 0.1.0 (minor)
2025-11-16 23:03:08 | fxstein | VERSION FILES UPDATED | Updated all version files to 0.1.0 (not yet committed)
2025-11-16 23:03:06 | fxstein | RELEASE START | Starting release process: 0.0.0 → 0.1.0 (minor)
2025-11-16 22:39:58 | fxstein | PREPARE | Release preview prepared for v0.3.0
2025-11-16 22:39:57 | fxstein | RELEASE START | Starting release process: 0.2.0 → 0.3.0 (minor)
2025-11-16 22:34:28 | fxstein | RELEASE INITIATED | Release 0.2.0 initiated! GitHub Actions will complete publishing.
2025-11-16 22:34:28 | fxstein | CLEANUP | Deleted working files and build artifacts
2025-11-16 22:34:28 | fxstein | GITHUB ACTIONS | Tag pushed, GitHub Actions will handle PyPI publish and GitHub release
2025-11-16 22:34:27 | fxstein | COMMIT VERSION | Committing version change and release files to git
2025-11-16 22:34:27 | fxstein | VERSION UPDATED | Version updated successfully
2025-11-16 22:34:26 | fxstein | UPDATE VERSION | Updating version from 0.1.0 to 0.2.0
2025-11-16 22:34:26 | fxstein | COPY NOTES | Copied RELEASE_NOTES.md to RELEASE_SUMMARY.md
2025-11-16 22:33:44 | fxstein | BUILD PACKAGE | Building wheel and sdist
2025-11-16 22:33:43 | fxstein | VERSION UPDATED | Version updated successfully
2025-11-16 22:33:43 | fxstein | UPDATE VERSION | Updating version from 0.1.0 to 0.2.0
2025-11-16 22:33:42 | fxstein | COPY NOTES | Copied RELEASE_NOTES.md to RELEASE_SUMMARY.md
2025-11-16 22:33:36 | fxstein | PREPARE | Release preview prepared for v0.2.0
2025-11-16 22:33:35 | fxstein | RELEASE START | Starting release process: 0.1.0 → 0.2.0 (minor)
2025-11-16 22:15:35 | fxstein | COMMIT VERSION | Committing version change and release files to git
2025-11-16 22:15:35 | fxstein | BUILD SUCCESS | Package built successfully
2025-11-16 22:15:32 | fxstein | BUILD PACKAGE | Building wheel and sdist
2025-11-16 22:15:31 | fxstein | VERSION UPDATED | Version updated successfully
2025-11-16 22:15:31 | fxstein | UPDATE VERSION | Updating version from 0.1.0 to 1.0.0
2025-11-16 22:15:31 | fxstein | COPY NOTES | Copied RELEASE_NOTES.md to RELEASE_SUMMARY.md
2025-11-16 22:15:25 | fxstein | VERSION OVERRIDE | Version override: 0.2.0 → 1.0.0 (major)
2025-11-16 22:15:20 | fxstein | PREPARE | Release preview prepared for v0.2.0
2025-11-16 22:15:19 | fxstein | RELEASE START | Starting release process: 0.1.0 → 0.2.0 (minor)
2025-11-16 22:14:08 | fxstein | COMMIT VERSION | Committing version change and release files to git
2025-11-16 22:14:08 | fxstein | BUILD SUCCESS | Package built successfully
2025-11-16 22:14:05 | fxstein | BUILD PACKAGE | Building wheel and sdist
2025-11-16 22:14:04 | fxstein | VERSION UPDATED | Version updated successfully
2025-11-16 22:14:04 | fxstein | UPDATE VERSION | Updating version from 0.1.0 to 1.0.0
2025-11-16 22:14:04 | fxstein | COPY NOTES | Copied RELEASE_NOTES.md to RELEASE_SUMMARY.md
2025-11-16 22:13:43 | fxstein | VERSION OVERRIDE | Version override: 0.2.0 → 1.0.0 (major)
2025-11-16 22:10:35 | fxstein | PREPARE | Release preview prepared for v0.2.0
2025-11-16 22:10:34 | fxstein | RELEASE START | Starting release process: 0.1.0 → 0.2.0 (minor)
2025-11-16 21:14:35 | fxstein | VERSION OVERRIDE | Version override: 0.2.0 → 1.0.0 (major)
2025-11-16 21:14:28 | fxstein | PREPARE | Release preview prepared for v0.2.0
2025-11-16 21:14:27 | fxstein | RELEASE START | Starting release process: 0.1.0 → 0.2.0 (minor)
